Analizador Lexico
Autor: Rafael Mejía
static = Identificador
void = Identificador
Main = Identificador
( = Caracter
string = Identificador
[ = Caracter
] = Caracter
args = Identificador
) = Caracter
{ = Inicio
char = TipoDato
a = Identificador
, = Caracter
b = Identificador
, = Caracter
c = Identificador
, = Caracter
d = Identificador
; = FinSentencia
float = TipoDato
pi = Identificador
, = Caracter
e = Identificador
; = FinSentencia
a = Identificador
ando en asignación
= = Asignacion
( = Caracter
int = TipoDato
) = Caracter
( = Caracter
( = Caracter
3 = Numero
+ = OpTermino
5 = Numero
) = Caracter
* = OpFactor
8 = Numero
- = OpTermino
( = Caracter
10 = Numero
- = OpTermino
4 = Numero
) = Caracter
/ = OpFactor
2 = Numero
) = Caracter
; = FinSentencia
ESTO DICE QUE TIENE EL STACK

a = 61
d = Identificador
ando en asignación
= = Asignacion
( = Caracter
34 = Numero
+ = OpTermino
1 = Numero
) = Caracter
; = FinSentencia
ESTO DICE QUE TIENE EL STACK

d = 35
a = Identificador
ando en asignación
= = Asignacion
255 = Numero
; = FinSentencia
ESTO DICE QUE TIENE EL STACK

a = 255
b = Identificador
ando en asignación
++ = IncTermino
; = FinSentencia
c = Identificador
ando en asignación
-- = IncTermino
; = FinSentencia
for = Ciclo
( = Caracter
i = Identificador
= = Asignacion
0 = Numero
; = FinSentencia
ESTO DICE QUE TIENE EL STACK

i = 0
i = Identificador
< = OpRelacional
2 = Numero
; = FinSentencia
i = Identificador
++ = IncTermino
) = Caracter
{ = Inicio
a = Identificador
ando en asignación
= = Asignacion
1 = Numero
; = FinSentencia
ESTO DICE QUE TIENE EL STACK
2 
a = 1
} = Fin
} = Fin
￿ = Caracter
a (Char) = 1
b (Char) = 0
c (Char) = 0
d (Char) = 35
pi (Float) = 0
e (Float) = 0
